# JRE version: Java(TM) SE Runtime Environment (17.0.9+11) (build 17.0.9+11-LTS-201)
# Java VM: Java HotSpot(TM) 64-Bit Server VM (17.0.9+11-LTS-201, mixed mode, sharing, tiered, compressed oops, compressed class ptrs, g1 gc, windows-amd64)
GC Precious Log:
 CPUs: 16 total, 16 available
 Memory: 32620M
 Large Page Support: Disabled
 NUMA Support: Disabled
 Compressed Oops: Enabled (Zero based)
 Heap Region Size: 4M
 Heap Min Capacity: 8M
 Heap Initial Capacity: 512M
 Heap Max Capacity: 8156M
 Pre-touch: Disabled
 Parallel Workers: 13
 Concurrent Workers: 3
 Concurrent Refinement Workers: 13
 Periodic GC: Disabled
Heap:
 garbage-first heap   total 81920K, used 27029K [0x0000000602400000, 0x0000000800000000)
  region size 4096K, 4 young (16384K), 1 survivors (4096K)
 Metaspace       used 23322K, committed 23488K, reserved 1114112K
  class space    used 2218K, committed 2304K, reserved 1048576K
GC Heap History (12 events):
Event: 0.644 GC heap before
{Heap before GC invocations=0 (full 0):
 garbage-first heap   total 524288K, used 20480K [0x0000000602400000, 0x0000000800000000)
  region size 4096K, 6 young (24576K), 0 survivors (0K)
 Metaspace       used 1821K, committed 1920K, reserved 1114112K
  class space    used 140K, committed 192K, reserved 1048576K
}
Event: 0.647 GC heap after
{Heap after GC invocations=1 (full 0):
 garbage-first heap   total 524288K, used 11690K [0x0000000602400000, 0x0000000800000000)
  region size 4096K, 1 young (4096K), 1 survivors (4096K)
 Metaspace       used 1821K, committed 1920K, reserved 1114112K
  class space    used 140K, committed 192K, reserved 1048576K
}
Event: 0.947 GC heap before
{Heap before GC invocations=1 (full 0):
 garbage-first heap   total 524288K, used 32170K [0x0000000602400000, 0x0000000800000000)
  region size 4096K, 6 young (24576K), 1 survivors (4096K)
 Metaspace       used 2478K, committed 2624K, reserved 1114112K
  class space    used 157K, committed 192K, reserved 1048576K
}
Event: 0.949 GC heap after
{Heap after GC invocations=2 (full 0):
 garbage-first heap   total 524288K, used 12148K [0x0000000602400000, 0x0000000800000000)
  region size 4096K, 1 young (4096K), 1 survivors (4096K)
 Metaspace       used 2478K, committed 2624K, reserved 1114112K
  class space    used 157K, committed 192K, reserved 1048576K
}
Event: 2.200 GC heap before
{Heap before GC invocations=2 (full 0):
 garbage-first heap   total 524288K, used 77684K [0x0000000602400000, 0x0000000800000000)
  region size 4096K, 17 young (69632K), 1 survivors (4096K)
 Metaspace       used 10601K, committed 10816K, reserved 1114112K
  class space    used 1212K, committed 1344K, reserved 1048576K
}
Event: 2.202 GC heap after
{Heap after GC invocations=3 (full 0):
 garbage-first heap   total 524288K, used 15156K [0x0000000602400000, 0x0000000800000000)
  region size 4096K, 1 young (4096K), 1 survivors (4096K)
 Metaspace       used 10601K, committed 10816K, reserved 1114112K
  class space    used 1212K, committed 1344K, reserved 1048576K
}
Event: 2.764 GC heap before
{Heap before GC invocations=3 (full 0):
 garbage-first heap   total 524288K, used 142132K [0x0000000602400000, 0x0000000800000000)
  region size 4096K, 32 young (131072K), 1 survivors (4096K)
 Metaspace       used 20042K, committed 20224K, reserved 1114112K
  class space    used 1880K, committed 1984K, reserved 1048576K
}
Event: 2.767 GC heap after
{Heap after GC invocations=4 (full 0):
 garbage-first heap   total 524288K, used 17692K [0x0000000602400000, 0x0000000800000000)
  region size 4096K, 2 young (8192K), 2 survivors (8192K)
 Metaspace       used 20042K, committed 20224K, reserved 1114112K
  class space    used 1880K, committed 1984K, reserved 1048576K
}
Event: 2.989 GC heap before
{Heap before GC invocations=4 (full 0):
 garbage-first heap   total 524288K, used 66844K [0x0000000602400000, 0x0000000800000000)
  region size 4096K, 15 young (61440K), 2 survivors (8192K)
 Metaspace       used 21369K, committed 21504K, reserved 1114112K
  class space    used 2077K, committed 2176K, reserved 1048576K
}
Event: 2.990 GC heap after
{Heap after GC invocations=5 (full 0):
 garbage-first heap   total 524288K, used 17987K [0x0000000602400000, 0x0000000800000000)
  region size 4096K, 2 young (8192K), 2 survivors (8192K)
 Metaspace       used 21369K, committed 21504K, reserved 1114112K
  class space    used 2077K, committed 2176K, reserved 1048576K
}
Event: 4.151 GC heap before
{Heap before GC invocations=6 (full 0):
 garbage-first heap   total 81920K, used 54851K [0x0000000602400000, 0x0000000800000000)
  region size 4096K, 12 young (49152K), 2 survivors (8192K)
 Metaspace       used 23088K, committed 23296K, reserved 1114112K
  class space    used 2218K, committed 2304K, reserved 1048576K
}
Event: 4.154 GC heap after
{Heap after GC invocations=7 (full 0):
 garbage-first heap   total 81920K, used 19807K [0x0000000602400000, 0x0000000800000000)
  region size 4096K, 2 young (8192K), 2 survivors (8192K)
 Metaspace       used 23088K, committed 23296K, reserved 1114112K
  class space    used 2218K, committed 2304K, reserved 1048576K
}

